<?xml version="1.0" encoding="UTF-8"?>
<testsuite name="PointTest" tests="1" skipped="0" failures="0" errors="0" timestamp="2019-11-22T18:24:08" hostname="DESKTOP-L8VI0LR" time="0.016">
  <properties/>
  <testcase name="pointsInOneVerticalLine" classname="PointTest" time="0.016"/>
  <system-out><![CDATA[]]></system-out>
  <system-err><![CDATA[]]></system-err>
</testsuite>
